{"C:\\Users\\sebas\\boulot\\frontend\\taylux-vue\\src\\ui\\components\\Button\\TayluxButton.vue": {"path":"C:\\Users\\sebas\\boulot\\frontend\\taylux-vue\\src\\ui\\components\\Button\\TayluxButton.vue","all":false,"statementMap":{"0":{"start":{"line":1,"column":0},"end":{"line":1,"column":10}},"1":{"start":{"line":2,"column":0},"end":{"line":2,"column":107}},"2":{"start":{"line":3,"column":0},"end":{"line":3,"column":21}},"3":{"start":{"line":4,"column":0},"end":{"line":4,"column":13}},"7":{"start":{"line":8,"column":0},"end":{"line":8,"column":31}},"10":{"start":{"line":11,"column":0},"end":{"line":11,"column":56}},"16":{"start":{"line":17,"column":0},"end":{"line":17,"column":26}},"20":{"start":{"line":21,"column":0},"end":{"line":21,"column":108}}},"s":{"0":1,"1":1,"2":1,"3":1,"7":1,"10":1,"16":1,"20":1},"branchMap":{"0":{"type":"branch","line":21,"loc":{"start":{"line":21,"column":25},"end":{"line":21,"column":106}},"locations":[{"start":{"line":21,"column":25},"end":{"line":21,"column":106}}]},"1":{"type":"branch","line":2,"loc":{"start":{"line":2,"column":82},"end":{"line":2,"column":107}},"locations":[{"start":{"line":2,"column":82},"end":{"line":2,"column":107}}]}},"b":{"0":[10],"1":[1]},"fnMap":{"0":{"name":"__vite_ssr_import_2__.createElementBlock.onClick._cache.<computed>._cache.<computed>","decl":{"start":{"line":2,"column":82},"end":{"line":2,"column":107}},"loc":{"start":{"line":2,"column":82},"end":{"line":2,"column":107}},"line":2}},"f":{"0":1}}
}
